117 : 2020-07-20 15:15:03,334 : INFO : telemetry.main : Attempt start. Configuration directory [/home/jins/.azure].
117 : 2020-07-20 15:15:03,335 : INFO : telemetry.check : Positive: The /home/jins/.azure/telemetry.txt does not exist.
117 : 2020-07-20 15:15:03,335 : DEBUG : telemetry.note : acquiring lock
117 : 2020-07-20 15:15:03,335 : DEBUG : telemetry.note : acquired lock
117 : 2020-07-20 15:15:03,335 : INFO : telemetry.note : Update the note mtime to 2020-07-20 15:15:03.335601
117 : 2020-07-20 15:15:03,335 : WARNING : telemetry.note : Fail to parse or read the timestamp 'N/A' in the note file. Set the last send time to minimal. Reason: not readable
117 : 2020-07-20 15:15:03,336 : INFO : telemetry.records : No cache to be uploaded.
117 : 2020-07-20 15:15:03,336 : INFO : telemetry.client : Accumulated 0 events. Flush the clients.
117 : 2020-07-20 15:15:03,336 : INFO : telemetry.note : Update the last send in note to 0001-01-01 00:00:00
117 : 2020-07-20 15:15:03,336 : INFO : telemetry.note : Update the note mtime to 2020-07-20 15:15:03.336385
634 : 2020-07-20 16:15:20,342 : INFO : telemetry.main : Attempt start. Configuration directory [/home/jins/.azure].
634 : 2020-07-20 16:15:20,343 : INFO : telemetry.check : Returns Positive.
634 : 2020-07-20 16:15:20,343 : DEBUG : telemetry.note : acquiring lock
634 : 2020-07-20 16:15:20,343 : DEBUG : telemetry.note : acquired lock
634 : 2020-07-20 16:15:20,343 : INFO : telemetry.note : Update the note mtime to 2020-07-20 16:15:20.343479
634 : 2020-07-20 16:15:20,346 : WARNING : telemetry.note : Fail to parse or read the timestamp '1-01-01T00:00:00' in the note file. Set the last send time to minimal. Reason: time data '1-01-01T00:00:00' does not match format '%Y-%m-%dT%H:%M:%S'
634 : 2020-07-20 16:15:20,346 : INFO : telemetry.records : No cache to be uploaded.
634 : 2020-07-20 16:15:20,346 : INFO : telemetry.client : Accumulated 0 events. Flush the clients.
634 : 2020-07-20 16:15:20,346 : INFO : telemetry.note : Update the last send in note to 0001-01-01 00:00:00
634 : 2020-07-20 16:15:20,346 : INFO : telemetry.note : Update the note mtime to 2020-07-20 16:15:20.346836
109 : 2020-07-22 04:18:09,755 : INFO : telemetry.main : Attempt start. Configuration directory [/home/jins/.azure].
109 : 2020-07-22 04:18:09,767 : INFO : telemetry.check : Returns Positive.
109 : 2020-07-22 04:18:09,767 : DEBUG : telemetry.note : acquiring lock
109 : 2020-07-22 04:18:09,768 : DEBUG : telemetry.note : acquired lock
109 : 2020-07-22 04:18:09,769 : INFO : telemetry.note : Update the note mtime to 2020-07-22 04:18:09.768965
109 : 2020-07-22 04:18:09,774 : WARNING : telemetry.note : Fail to parse or read the timestamp '1-01-01T00:00:00' in the note file. Set the last send time to minimal. Reason: time data '1-01-01T00:00:00' does not match format '%Y-%m-%dT%H:%M:%S'
109 : 2020-07-22 04:18:09,774 : INFO : telemetry.records : No cache to be uploaded.
109 : 2020-07-22 04:18:09,776 : INFO : telemetry.client : Accumulated 0 events. Flush the clients.
109 : 2020-07-22 04:18:09,776 : INFO : telemetry.note : Update the last send in note to 0001-01-01 00:00:00
109 : 2020-07-22 04:18:09,776 : INFO : telemetry.note : Update the note mtime to 2020-07-22 04:18:09.776930
104 : 2020-07-27 06:14:16,098 : INFO : telemetry.main : Attempt start. Configuration directory [/home/jins/.azure].
104 : 2020-07-27 06:14:16,117 : INFO : telemetry.check : Returns Positive.
104 : 2020-07-27 06:14:16,117 : DEBUG : telemetry.note : acquiring lock
104 : 2020-07-27 06:14:16,117 : DEBUG : telemetry.note : acquired lock
104 : 2020-07-27 06:14:16,117 : INFO : telemetry.note : Update the note mtime to 2020-07-27 06:14:16.117946
104 : 2020-07-27 06:14:16,120 : WARNING : telemetry.note : Fail to parse or read the timestamp '1-01-01T00:00:00' in the note file. Set the last send time to minimal. Reason: time data '1-01-01T00:00:00' does not match format '%Y-%m-%dT%H:%M:%S'
104 : 2020-07-27 06:14:16,120 : INFO : telemetry.records : No cache to be uploaded.
104 : 2020-07-27 06:14:16,120 : INFO : telemetry.client : Accumulated 0 events. Flush the clients.
104 : 2020-07-27 06:14:16,121 : INFO : telemetry.note : Update the last send in note to 0001-01-01 00:00:00
104 : 2020-07-27 06:14:16,121 : INFO : telemetry.note : Update the note mtime to 2020-07-27 06:14:16.121159
309 : 2020-07-27 06:25:11,875 : INFO : telemetry.main : Attempt start. Configuration directory [/home/jins/.azure].
309 : 2020-07-27 06:25:11,876 : INFO : telemetry.check : Returns Positive.
309 : 2020-07-27 06:25:11,876 : DEBUG : telemetry.note : acquiring lock
309 : 2020-07-27 06:25:11,876 : DEBUG : telemetry.note : acquired lock
309 : 2020-07-27 06:25:11,876 : INFO : telemetry.note : Update the note mtime to 2020-07-27 06:25:11.876724
309 : 2020-07-27 06:25:11,879 : WARNING : telemetry.note : Fail to parse or read the timestamp '1-01-01T00:00:00' in the note file. Set the last send time to minimal. Reason: time data '1-01-01T00:00:00' does not match format '%Y-%m-%dT%H:%M:%S'
309 : 2020-07-27 06:25:11,879 : INFO : telemetry.records : No cache to be uploaded.
309 : 2020-07-27 06:25:11,879 : INFO : telemetry.client : Accumulated 0 events. Flush the clients.
309 : 2020-07-27 06:25:11,879 : INFO : telemetry.note : Update the last send in note to 0001-01-01 00:00:00
309 : 2020-07-27 06:25:11,880 : INFO : telemetry.note : Update the note mtime to 2020-07-27 06:25:11.880029
493 : 2020-07-27 06:36:58,349 : INFO : telemetry.main : Attempt start. Configuration directory [/home/jins/.azure].
493 : 2020-07-27 06:36:58,350 : INFO : telemetry.check : Returns Positive.
493 : 2020-07-27 06:36:58,350 : DEBUG : telemetry.note : acquiring lock
493 : 2020-07-27 06:36:58,350 : DEBUG : telemetry.note : acquired lock
493 : 2020-07-27 06:36:58,350 : INFO : telemetry.note : Update the note mtime to 2020-07-27 06:36:58.350644
493 : 2020-07-27 06:36:58,352 : WARNING : telemetry.note : Fail to parse or read the timestamp '1-01-01T00:00:00' in the note file. Set the last send time to minimal. Reason: time data '1-01-01T00:00:00' does not match format '%Y-%m-%dT%H:%M:%S'
493 : 2020-07-27 06:36:58,352 : INFO : telemetry.records : No cache to be uploaded.
493 : 2020-07-27 06:36:58,352 : INFO : telemetry.client : Accumulated 0 events. Flush the clients.
493 : 2020-07-27 06:36:58,353 : INFO : telemetry.note : Update the last send in note to 0001-01-01 00:00:00
493 : 2020-07-27 06:36:58,353 : INFO : telemetry.note : Update the note mtime to 2020-07-27 06:36:58.353289
107 : 2020-07-27 10:18:16,271 : INFO : telemetry.main : Attempt start. Configuration directory [/home/jins/.azure].
107 : 2020-07-27 10:18:16,289 : INFO : telemetry.check : Returns Positive.
107 : 2020-07-27 10:18:16,289 : DEBUG : telemetry.note : acquiring lock
107 : 2020-07-27 10:18:16,289 : DEBUG : telemetry.note : acquired lock
107 : 2020-07-27 10:18:16,289 : INFO : telemetry.note : Update the note mtime to 2020-07-27 10:18:16.289412
107 : 2020-07-27 10:18:16,347 : WARNING : telemetry.note : Fail to parse or read the timestamp '1-01-01T00:00:00' in the note file. Set the last send time to minimal. Reason: time data '1-01-01T00:00:00' does not match format '%Y-%m-%dT%H:%M:%S'
107 : 2020-07-27 10:18:16,347 : INFO : telemetry.records : No cache to be uploaded.
107 : 2020-07-27 10:18:16,347 : INFO : telemetry.client : Accumulated 0 events. Flush the clients.
107 : 2020-07-27 10:18:16,348 : INFO : telemetry.note : Update the last send in note to 0001-01-01 00:00:00
107 : 2020-07-27 10:18:16,348 : INFO : telemetry.note : Update the note mtime to 2020-07-27 10:18:16.348117
162 : 2020-07-27 10:41:39,418 : INFO : telemetry.main : Attempt start. Configuration directory [/home/jins/.azure].
162 : 2020-07-27 10:41:39,418 : INFO : telemetry.check : Returns Positive.
162 : 2020-07-27 10:41:39,419 : DEBUG : telemetry.note : acquiring lock
162 : 2020-07-27 10:41:39,419 : DEBUG : telemetry.note : acquired lock
162 : 2020-07-27 10:41:39,419 : INFO : telemetry.note : Update the note mtime to 2020-07-27 10:41:39.419436
162 : 2020-07-27 10:41:39,421 : WARNING : telemetry.note : Fail to parse or read the timestamp '1-01-01T00:00:00' in the note file. Set the last send time to minimal. Reason: time data '1-01-01T00:00:00' does not match format '%Y-%m-%dT%H:%M:%S'
162 : 2020-07-27 10:41:39,422 : INFO : telemetry.records : No cache to be uploaded.
162 : 2020-07-27 10:41:39,422 : INFO : telemetry.client : Accumulated 0 events. Flush the clients.
162 : 2020-07-27 10:41:39,422 : INFO : telemetry.note : Update the last send in note to 0001-01-01 00:00:00
162 : 2020-07-27 10:41:39,422 : INFO : telemetry.note : Update the note mtime to 2020-07-27 10:41:39.422444
104 : 2020-07-28 03:50:43,948 : INFO : telemetry.main : Attempt start. Configuration directory [/home/jins/.azure].
104 : 2020-07-28 03:50:43,964 : INFO : telemetry.check : Returns Positive.
104 : 2020-07-28 03:50:43,965 : DEBUG : telemetry.note : acquiring lock
104 : 2020-07-28 03:50:43,965 : DEBUG : telemetry.note : acquired lock
104 : 2020-07-28 03:50:43,965 : INFO : telemetry.note : Update the note mtime to 2020-07-28 03:50:43.965562
104 : 2020-07-28 03:50:44,077 : WARNING : telemetry.note : Fail to parse or read the timestamp '1-01-01T00:00:00' in the note file. Set the last send time to minimal. Reason: time data '1-01-01T00:00:00' does not match format '%Y-%m-%dT%H:%M:%S'
104 : 2020-07-28 03:50:44,078 : INFO : telemetry.records : No cache to be uploaded.
104 : 2020-07-28 03:50:44,078 : INFO : telemetry.client : Accumulated 0 events. Flush the clients.
104 : 2020-07-28 03:50:44,078 : INFO : telemetry.note : Update the last send in note to 0001-01-01 00:00:00
104 : 2020-07-28 03:50:44,078 : INFO : telemetry.note : Update the note mtime to 2020-07-28 03:50:44.078712
296 : 2020-07-28 06:07:48,673 : INFO : telemetry.main : Attempt start. Configuration directory [/home/jins/.azure].
296 : 2020-07-28 06:07:48,673 : INFO : telemetry.check : Returns Positive.
296 : 2020-07-28 06:07:48,674 : DEBUG : telemetry.note : acquiring lock
296 : 2020-07-28 06:07:48,674 : DEBUG : telemetry.note : acquired lock
296 : 2020-07-28 06:07:48,674 : INFO : telemetry.note : Update the note mtime to 2020-07-28 06:07:48.674374
296 : 2020-07-28 06:07:48,678 : WARNING : telemetry.note : Fail to parse or read the timestamp '1-01-01T00:00:00' in the note file. Set the last send time to minimal. Reason: time data '1-01-01T00:00:00' does not match format '%Y-%m-%dT%H:%M:%S'
296 : 2020-07-28 06:07:48,678 : INFO : telemetry.records : No cache to be uploaded.
296 : 2020-07-28 06:07:48,678 : INFO : telemetry.client : Accumulated 0 events. Flush the clients.
296 : 2020-07-28 06:07:48,678 : INFO : telemetry.note : Update the last send in note to 0001-01-01 00:00:00
296 : 2020-07-28 06:07:48,678 : INFO : telemetry.note : Update the note mtime to 2020-07-28 06:07:48.678764
